Flow report for DE2_115_WEB_SERVER
Fri Jun 30 00:26:26 2017
Quartus II 32-bit Version 12.0 Build 178 05/31/2012 SJ Web Edition


---------------------
; Table of Contents ;
---------------------
  1. Legal Notice
  2. Flow Summary
  3. Flow Settings
  4. Flow Non-Default Global Settings
  5. Flow Elapsed Time
  6. Flow OS Summary
  7. Flow Log



----------------
; Legal Notice ;
----------------
Copyright (C) 1991-2012 Altera Corporation
Your use of Altera Corporation's design tools, logic functions 
and other software and tools, and its AMPP partner logic 
functions, and any output files from any of the foregoing 
(including device programming or simulation files), and any 
associated documentation or information are expressly subject 
to the terms and conditions of the Altera Program License 
Subscription Agreement, Altera MegaCore Function License 
Agreement, or other applicable license agreement, including, 
without limitation, that your use is for the sole purpose of 
programming logic devices manufactured by Altera and sold by 
Altera or its authorized distributors.  Please refer to the 
applicable agreement for further details.



+-------------------------------------------------------------------------------+
; Flow Summary                                                                  ;
+------------------------------------+------------------------------------------+
; Flow Status                        ; Successful - Fri Jun 30 00:26:00 2017    ;
; Quartus II 32-bit Version          ; 12.0 Build 178 05/31/2012 SJ Web Edition ;
; Revision Name                      ; DE2_115_WEB_SERVER                       ;
; Top-level Entity Name              ; DE2_115_WEB_SERVER                       ;
; Family                             ; Cyclone IV E                             ;
; Device                             ; EP4CE115F29C7                            ;
; Timing Models                      ; Final                                    ;
; Total logic elements               ; 13,244 / 114,480 ( 12 % )                ;
;     Total combinational functions  ; 10,291 / 114,480 ( 9 % )                 ;
;     Dedicated logic registers      ; 8,893 / 114,480 ( 8 % )                  ;
; Total registers                    ; 9012                                     ;
; Total pins                         ; 438 / 529 ( 83 % )                       ;
; Total virtual pins                 ; 0                                        ;
; Total memory bits                  ; 1,323,566 / 3,981,312 ( 33 % )           ;
; Embedded Multiplier 9-bit elements ; 4 / 532 ( < 1 % )                        ;
; Total PLLs                         ; 1 / 4 ( 25 % )                           ;
+------------------------------------+------------------------------------------+


+-----------------------------------------+
; Flow Settings                           ;
+-------------------+---------------------+
; Option            ; Setting             ;
+-------------------+---------------------+
; Start date & time ; 06/30/2017 00:18:26 ;
; Main task         ; Compilation         ;
; Revision Name     ; DE2_115_WEB_SERVER  ;
+-------------------+---------------------+


+---------------------------------------------------------------------------------------------------------------------------------------------------------------------+
; Flow Non-Default Global Settings                                                                                                                                    ;
+-------------------------------------+------------------------------------------------------------------------------------+---------------+-------------+------------+
; Assignment Name                     ; Value                                                                              ; Default Value ; Entity Name ; Section Id ;
+-------------------------------------+------------------------------------------------------------------------------------+---------------+-------------+------------+
; COMPILER_SIGNATURE_ID               ; 203050738929571.149875310605488                                                    ; --            ; --          ; --         ;
; IP_TOOL_NAME                        ; ALTDDIO_OUT                                                                        ; --            ; --          ; --         ;
; IP_TOOL_VERSION                     ; 9.1                                                                                ; --            ; --          ; --         ;
; MAX_CORE_JUNCTION_TEMP              ; 85                                                                                 ; --            ; --          ; --         ;
; MIN_CORE_JUNCTION_TEMP              ; 0                                                                                  ; --            ; --          ; --         ;
; MISC_FILE                           ; D:/svn/de2_115_golden_sopc/de2_115_golden_sopc.dpf                                 ; --            ; --          ; --         ;
; MISC_FILE                           ; D:/Document/de2c4/de2_115_golden_sopc/de2_115_golden_sopc.dpf                      ; --            ; --          ; --         ;
; MISC_FILE                           ; D:/Projects/DE2C4/trunk/test/de2_115_golden_sopc/de2_115_golden_sopc.dpf           ; --            ; --          ; --         ;
; MISC_FILE                           ; E:/DE2_115/trunk/ref_design/DE2_115_WEB_SERVER/DE2_115_WEB_SERVER.dpf              ; --            ; --          ; --         ;
; MISC_FILE                           ; E:/DE2_115_NEW/trunk/ref_design/DE2_115_WEB_SERVER/DE2_115_WEB_SERVER.dpf          ; --            ; --          ; --         ;
; MISC_FILE                           ; C:/Users/Administrator/Desktop/DE2_115_WEB_SERVER_MII_ENET0/DE2_115_WEB_SERVER.dpf ; --            ; --          ; --         ;
; MISC_FILE                           ; C:/Users/e0169718/Desktop/DE2_115_WEB_SERVER_MII_ENET0/DE2_115_WEB_SERVER.dpf      ; --            ; --          ; --         ;
; MISC_FILE                           ; ddr_o.bsf                                                                          ; --            ; --          ; --         ;
; MISC_FILE                           ; ddr_o_bb.v                                                                         ; --            ; --          ; --         ;
; MISC_FILE                           ; ddr_o.ppf                                                                          ; --            ; --          ; --         ;
; NOMINAL_CORE_SUPPLY_VOLTAGE         ; 1.2V                                                                               ; --            ; --          ; --         ;
; NUM_PARALLEL_PROCESSORS             ; 2                                                                                  ; --            ; --          ; --         ;
; PARTITION_COLOR                     ; 16764057                                                                           ; --            ; --          ; Top        ;
; PARTITION_FITTER_PRESERVATION_LEVEL ; PLACEMENT_AND_ROUTING                                                              ; --            ; --          ; Top        ;
; PARTITION_NETLIST_TYPE              ; SOURCE                                                                             ; --            ; --          ; Top        ;
; POWER_BOARD_THERMAL_MODEL           ; None (CONSERVATIVE)                                                                ; --            ; --          ; --         ;
; POWER_PRESET_COOLING_SOLUTION       ; 23 MM HEAT SINK WITH 200 LFPM AIRFLOW                                              ; --            ; --          ; --         ;
; SMART_RECOMPILE                     ; On                                                                                 ; Off           ; --          ; --         ;
; SOPC_BUILDER_SIGNATURE_ID           ; 002618860F9B000001268748D130                                                       ; --            ; --          ; --         ;
+-------------------------------------+------------------------------------------------------------------------------------+---------------+-------------+------------+


+-------------------------------------------------------------------------------------------------------------------------------+
; Flow Elapsed Time                                                                                                             ;
+---------------------------+--------------+-------------------------+---------------------+------------------------------------+
; Module Name               ; Elapsed Time ; Average Processors Used ; Peak Virtual Memory ; Total CPU Time (on all processors) ;
+---------------------------+--------------+-------------------------+---------------------+------------------------------------+
; Analysis & Synthesis      ; 00:02:46     ; 1.0                     ; 658 MB              ; 00:02:36                           ;
; Fitter                    ; 00:04:01     ; 1.0                     ; 746 MB              ; 00:03:56                           ;
; Assembler                 ; 00:00:17     ; 1.0                     ; 379 MB              ; 00:00:12                           ;
; TimeQuest Timing Analyzer ; 00:00:44     ; 1.0                     ; 537 MB              ; 00:00:34                           ;
; Total                     ; 00:07:48     ; --                      ; --                  ; 00:07:18                           ;
+---------------------------+--------------+-------------------------+---------------------+------------------------------------+


+----------------------------------------------------------------------------------------+
; Flow OS Summary                                                                        ;
+---------------------------+------------------+-----------+------------+----------------+
; Module Name               ; Machine Hostname ; OS Name   ; OS Version ; Processor type ;
+---------------------------+------------------+-----------+------------+----------------+
; Analysis & Synthesis      ; CQY462S-NUS      ; Windows 7 ; 6.1        ; i686           ;
; Fitter                    ; CQY462S-NUS      ; Windows 7 ; 6.1        ; i686           ;
; Assembler                 ; CQY462S-NUS      ; Windows 7 ; 6.1        ; i686           ;
; TimeQuest Timing Analyzer ; CQY462S-NUS      ; Windows 7 ; 6.1        ; i686           ;
+---------------------------+------------------+-----------+------------+----------------+


------------
; Flow Log ;
------------
quartus_map --read_settings_files=on --write_settings_files=off DE2_115_WEB_SERVER -c DE2_115_WEB_SERVER
quartus_fit --read_settings_files=off --write_settings_files=off DE2_115_WEB_SERVER -c DE2_115_WEB_SERVER
quartus_asm --read_settings_files=off --write_settings_files=off DE2_115_WEB_SERVER -c DE2_115_WEB_SERVER
quartus_sta DE2_115_WEB_SERVER -c DE2_115_WEB_SERVER



